INFO:     Started server process [48907]
INFO:     Waiting for application startup.
2026-04-05 09:08:31,080  INFO      app.main — Initialising KTZ Locomotive Telemetry Server…
2026-04-05 09:08:31,090  WARNING   aiokafka — Unable to request metadata from "localhost:9092": KafkaConnectionError: Connection at localhost:9092 closed
2026-04-05 09:08:33,134  INFO      app.broker — Kafka topic ensured: topic=ktz.locomotive.events partitions=100 replication_factor=1
2026-04-05 09:08:35,220  INFO      app.broker — Kafka topic ensured: topic=ktz.locomotive.events partitions=100 replication_factor=1
2026-04-05 09:08:35,225  INFO      app.broker — Kafka topic partitioning ready: topic=ktz.locomotive.events current_partitions=100 target_partitions=100
2026-04-05 09:08:35,239  INFO      app.broker — Kafka producer started: localhost:9092, topic=ktz.locomotive.events
2026-04-05 09:08:35,242  INFO      app.main — Initial telemetry frame and health index generated.
2026-04-05 09:08:35,242  INFO      app.main — 6 background tasks started.
INFO:     Application startup complete.
INFO:     Uvicorn running on http://127.0.0.1:3107 (Press CTRL+C to quit)
2026-04-05 09:08:59,348  INFO      app.broker — Kafka producer published 100 messages to topic=ktz.locomotive.events
2026-04-05 09:09:22,980  INFO      app.broker — Kafka producer published 200 messages to topic=ktz.locomotive.events
2026-04-05 09:09:46,368  INFO      app.broker — Kafka producer published 300 messages to topic=ktz.locomotive.events
2026-04-05 09:10:10,353  INFO      app.broker — Kafka producer published 400 messages to topic=ktz.locomotive.events
2026-04-05 09:10:33,986  INFO      app.broker — Kafka producer published 500 messages to topic=ktz.locomotive.events
2026-04-05 09:10:57,558  INFO      app.broker — Kafka producer published 600 messages to topic=ktz.locomotive.events
2026-04-05 09:11:21,087  INFO      app.broker — Kafka producer published 700 messages to topic=ktz.locomotive.events
2026-04-05 09:11:45,095  INFO      app.broker — Kafka producer published 800 messages to topic=ktz.locomotive.events
2026-04-05 09:12:08,628  INFO      app.broker — Kafka producer published 900 messages to topic=ktz.locomotive.events
INFO:     Shutting down
INFO:     Waiting for application shutdown.
2026-04-05 09:12:32,052  INFO      app.main — Shutting down background tasks…
2026-04-05 09:12:32,052  INFO      app.main — Shutdown complete.
INFO:     Application shutdown complete.
INFO:     Finished server process [48907]
