INFO:     Started server process [29969]
INFO:     Waiting for application startup.
2026-04-05 07:44:30,853  INFO      app.main — Initialising KTZ Locomotive Telemetry Server…
2026-04-05 07:44:30,860  WARNING   aiokafka — Unable to request metadata from "localhost:9092": KafkaConnectionError: Connection at localhost:9092 closed
2026-04-05 07:44:32,896  INFO      app.broker — Kafka topic ensured: topic=ktz.locomotive.events partitions=100 replication_factor=1
2026-04-05 07:44:34,979  INFO      app.broker — Kafka topic ensured: topic=ktz.locomotive.events partitions=100 replication_factor=1
2026-04-05 07:44:34,981  INFO      app.broker — Kafka topic partitioning ready: topic=ktz.locomotive.events current_partitions=100 target_partitions=100
2026-04-05 07:44:34,990  INFO      app.broker — Kafka producer started: localhost:9092, topic=ktz.locomotive.events
2026-04-05 07:44:34,992  INFO      app.main — Initial telemetry frame and health index generated.
2026-04-05 07:44:34,992  INFO      app.main — 6 background tasks started.
INFO:     Application startup complete.
INFO:     Uvicorn running on http://127.0.0.1:3105 (Press CTRL+C to quit)
2026-04-05 07:44:58,820  INFO      app.broker — Kafka producer published 100 messages to topic=ktz.locomotive.events
2026-04-05 07:45:22,656  INFO      app.broker — Kafka producer published 200 messages to topic=ktz.locomotive.events
2026-04-05 07:45:46,201  INFO      app.broker — Kafka producer published 300 messages to topic=ktz.locomotive.events
2026-04-05 07:46:10,013  INFO      app.broker — Kafka producer published 400 messages to topic=ktz.locomotive.events
2026-04-05 07:46:33,191  INFO      app.broker — Kafka producer published 500 messages to topic=ktz.locomotive.events
2026-04-05 07:46:56,634  INFO      app.broker — Kafka producer published 600 messages to topic=ktz.locomotive.events
2026-04-05 07:47:20,290  INFO      app.broker — Kafka producer published 700 messages to topic=ktz.locomotive.events
2026-04-05 07:47:43,907  INFO      app.broker — Kafka producer published 800 messages to topic=ktz.locomotive.events
2026-04-05 07:48:07,099  INFO      app.broker — Kafka producer published 900 messages to topic=ktz.locomotive.events
2026-04-05 07:48:30,683  INFO      app.broker — Kafka producer published 1000 messages to topic=ktz.locomotive.events
2026-04-05 07:48:54,784  INFO      app.broker — Kafka producer published 1100 messages to topic=ktz.locomotive.events
2026-04-05 07:49:18,121  INFO      app.broker — Kafka producer published 1200 messages to topic=ktz.locomotive.events
2026-04-05 07:49:41,889  INFO      app.broker — Kafka producer published 1300 messages to topic=ktz.locomotive.events
2026-04-05 07:50:05,463  INFO      app.broker — Kafka producer published 1400 messages to topic=ktz.locomotive.events
2026-04-05 07:50:29,036  INFO      app.broker — Kafka producer published 1500 messages to topic=ktz.locomotive.events
2026-04-05 07:50:52,668  INFO      app.broker — Kafka producer published 1600 messages to topic=ktz.locomotive.events
2026-04-05 07:51:16,127  INFO      app.broker — Kafka producer published 1700 messages to topic=ktz.locomotive.events
2026-04-05 07:51:40,272  INFO      app.broker — Kafka producer published 1800 messages to topic=ktz.locomotive.events
2026-04-05 07:52:04,113  INFO      app.broker — Kafka producer published 1900 messages to topic=ktz.locomotive.events
2026-04-05 07:52:27,627  INFO      app.broker — Kafka producer published 2000 messages to topic=ktz.locomotive.events
2026-04-05 07:52:51,390  INFO      app.broker — Kafka producer published 2100 messages to topic=ktz.locomotive.events
2026-04-05 07:53:15,203  INFO      app.broker — Kafka producer published 2200 messages to topic=ktz.locomotive.events
2026-04-05 07:53:38,885  INFO      app.broker — Kafka producer published 2300 messages to topic=ktz.locomotive.events
2026-04-05 07:54:02,520  INFO      app.broker — Kafka producer published 2400 messages to topic=ktz.locomotive.events
2026-04-05 07:54:26,157  INFO      app.broker — Kafka producer published 2500 messages to topic=ktz.locomotive.events
2026-04-05 07:54:49,838  INFO      app.broker — Kafka producer published 2600 messages to topic=ktz.locomotive.events
2026-04-05 07:55:13,465  INFO      app.broker — Kafka producer published 2700 messages to topic=ktz.locomotive.events
2026-04-05 07:55:36,564  INFO      app.broker — Kafka producer published 2800 messages to topic=ktz.locomotive.events
2026-04-05 07:56:00,199  INFO      app.broker — Kafka producer published 2900 messages to topic=ktz.locomotive.events
2026-04-05 07:56:23,502  INFO      app.broker — Kafka producer published 3000 messages to topic=ktz.locomotive.events
2026-04-05 07:56:46,832  INFO      app.broker — Kafka producer published 3100 messages to topic=ktz.locomotive.events
2026-04-05 07:57:10,912  INFO      app.broker — Kafka producer published 3200 messages to topic=ktz.locomotive.events
2026-04-05 07:57:34,471  INFO      app.broker — Kafka producer published 3300 messages to topic=ktz.locomotive.events
2026-04-05 07:57:57,827  INFO      app.broker — Kafka producer published 3400 messages to topic=ktz.locomotive.events
2026-04-05 07:58:21,577  INFO      app.broker — Kafka producer published 3500 messages to topic=ktz.locomotive.events
