INFO:     Started server process [48873]
INFO:     Waiting for application startup.
2026-04-05 09:08:31,080  INFO      app.main — Initialising KTZ Locomotive Telemetry Server…
2026-04-05 09:08:31,089  WARNING   aiokafka — Unable to request metadata from "localhost:9092": KafkaConnectionError: Connection at localhost:9092 closed
2026-04-05 09:08:33,129  INFO      app.broker — Kafka topic ensured: topic=ktz.locomotive.events partitions=100 replication_factor=1
2026-04-05 09:08:33,172  INFO      app.broker — Kafka topic partitions increased: topic=ktz.locomotive.events old_partitions=1 new_partitions=100
2026-04-05 09:08:33,285  INFO      app.broker — Kafka producer started: localhost:9092, topic=ktz.locomotive.events
2026-04-05 09:08:33,288  INFO      app.main — Initial telemetry frame and health index generated.
2026-04-05 09:08:33,288  INFO      app.main — 6 background tasks started.
INFO:     Application startup complete.
INFO:     Uvicorn running on http://127.0.0.1:3102 (Press CTRL+C to quit)
2026-04-05 09:08:57,006  INFO      app.broker — Kafka producer published 100 messages to topic=ktz.locomotive.events
2026-04-05 09:09:20,660  INFO      app.broker — Kafka producer published 200 messages to topic=ktz.locomotive.events
2026-04-05 09:09:44,316  INFO      app.broker — Kafka producer published 300 messages to topic=ktz.locomotive.events
2026-04-05 09:10:08,508  INFO      app.broker — Kafka producer published 400 messages to topic=ktz.locomotive.events
2026-04-05 09:10:32,449  INFO      app.broker — Kafka producer published 500 messages to topic=ktz.locomotive.events
2026-04-05 09:10:56,010  INFO      app.broker — Kafka producer published 600 messages to topic=ktz.locomotive.events
2026-04-05 09:11:19,808  INFO      app.broker — Kafka producer published 700 messages to topic=ktz.locomotive.events
2026-04-05 09:11:43,566  INFO      app.broker — Kafka producer published 800 messages to topic=ktz.locomotive.events
2026-04-05 09:12:07,347  INFO      app.broker — Kafka producer published 900 messages to topic=ktz.locomotive.events
2026-04-05 09:12:30,919  INFO      app.broker — Kafka producer published 1000 messages to topic=ktz.locomotive.events
INFO:     Shutting down
INFO:     Waiting for application shutdown.
2026-04-05 09:12:32,123  INFO      app.main — Shutting down background tasks…
2026-04-05 09:12:32,123  INFO      app.main — Shutdown complete.
INFO:     Application shutdown complete.
INFO:     Finished server process [48873]
