INFO:     Started server process [251690]
INFO:     Waiting for application startup.
2026-04-05 04:32:38,519  INFO      app.main — Initialising KTZ Locomotive Telemetry Server…
2026-04-05 04:32:38,523  WARNING   aiokafka — Unable to request metadata from "localhost:9092": KafkaConnectionError: Connection at localhost:9092 closed
2026-04-05 04:32:40,526  WARNING   aiokafka — Unable to request metadata from "localhost:9092": KafkaConnectionError: Connection at localhost:9092 closed
2026-04-05 04:32:42,529  WARNING   aiokafka — Unable to request metadata from "localhost:9092": KafkaConnectionError: Connection at localhost:9092 closed
2026-04-05 04:32:44,554  INFO      app.broker — Kafka topic ensured: topic=ktz.locomotive.events partitions=100 replication_factor=1
2026-04-05 04:32:44,555  INFO      app.broker — Kafka topic partitioning ready: topic=ktz.locomotive.events current_partitions=100 target_partitions=100
2026-04-05 04:32:44,605  INFO      app.broker — Kafka producer started: localhost:9092, topic=ktz.locomotive.events
2026-04-05 04:32:44,610  INFO      app.main — Initial telemetry frame and health index generated.
2026-04-05 04:32:44,610  INFO      app.main — 6 background tasks started.
INFO:     Application startup complete.
INFO:     Uvicorn running on http://127.0.0.1:3104 (Press CTRL+C to quit)
2026-04-05 04:32:44,614  WARNING   aiokafka.producer.sender — Got error produce response on topic-partition TopicPartition(topic='ktz.locomotive.events', partition=79), retrying. Error: <class 'aiokafka.errors.NotLeaderForPartitionError'>
2026-04-05 04:32:44,716  WARNING   aiokafka.producer.sender — Got error produce response on topic-partition TopicPartition(topic='ktz.locomotive.events', partition=79), retrying. Error: <class 'aiokafka.errors.NotLeaderForPartitionError'>
2026-04-05 04:32:44,818  WARNING   aiokafka.producer.sender — Got error produce response on topic-partition TopicPartition(topic='ktz.locomotive.events', partition=79), retrying. Error: <class 'aiokafka.errors.NotLeaderForPartitionError'>
2026-04-05 04:32:44,919  WARNING   aiokafka.producer.sender — Got error produce response on topic-partition TopicPartition(topic='ktz.locomotive.events', partition=79), retrying. Error: <class 'aiokafka.errors.NotLeaderForPartitionError'>
2026-04-05 04:32:45,019  WARNING   aiokafka.producer.sender — Got error produce response on topic-partition TopicPartition(topic='ktz.locomotive.events', partition=79), retrying. Error: <class 'aiokafka.errors.NotLeaderForPartitionError'>
2026-04-05 04:32:45,121  WARNING   aiokafka.producer.sender — Got error produce response on topic-partition TopicPartition(topic='ktz.locomotive.events', partition=79), retrying. Error: <class 'aiokafka.errors.NotLeaderForPartitionError'>
2026-04-05 04:32:45,223  WARNING   aiokafka.producer.sender — Got error produce response on topic-partition TopicPartition(topic='ktz.locomotive.events', partition=79), retrying. Error: <class 'aiokafka.errors.NotLeaderForPartitionError'>
2026-04-05 04:34:01,503  INFO      app.broker — Kafka producer published 100 messages to topic=ktz.locomotive.events
2026-04-05 04:35:17,676  INFO      app.broker — Kafka producer published 200 messages to topic=ktz.locomotive.events
2026-04-05 04:36:34,655  INFO      app.broker — Kafka producer published 300 messages to topic=ktz.locomotive.events
2026-04-05 04:37:49,974  INFO      app.broker — Kafka producer published 400 messages to topic=ktz.locomotive.events
2026-04-05 04:39:06,132  INFO      app.broker — Kafka producer published 500 messages to topic=ktz.locomotive.events
2026-04-05 04:40:22,277  INFO      app.broker — Kafka producer published 600 messages to topic=ktz.locomotive.events
INFO:     Shutting down
INFO:     Waiting for application shutdown.
2026-04-05 04:40:37,686  INFO      app.main — Shutting down background tasks…
2026-04-05 04:40:37,687  INFO      app.main — Shutdown complete.
INFO:     Application shutdown complete.
INFO:     Finished server process [251690]
