INFO:     Started server process [29949]
INFO:     Waiting for application startup.
2026-04-05 07:44:30,856  INFO      app.main — Initialising KTZ Locomotive Telemetry Server…
2026-04-05 07:44:30,862  WARNING   aiokafka — Unable to request metadata from "localhost:9092": KafkaConnectionError: Connection at localhost:9092 closed
2026-04-05 07:44:32,895  INFO      app.broker — Kafka topic ensured: topic=ktz.locomotive.events partitions=100 replication_factor=1
2026-04-05 07:44:34,981  INFO      app.broker — Kafka topic ensured: topic=ktz.locomotive.events partitions=100 replication_factor=1
2026-04-05 07:44:34,984  INFO      app.broker — Kafka topic partitioning ready: topic=ktz.locomotive.events current_partitions=100 target_partitions=100
2026-04-05 07:44:34,993  INFO      app.broker — Kafka producer started: localhost:9092, topic=ktz.locomotive.events
2026-04-05 07:44:34,996  INFO      app.main — Initial telemetry frame and health index generated.
2026-04-05 07:44:34,996  INFO      app.main — 6 background tasks started.
INFO:     Application startup complete.
INFO:     Uvicorn running on http://127.0.0.1:3101 (Press CTRL+C to quit)
2026-04-05 07:44:58,820  INFO      app.broker — Kafka producer published 100 messages to topic=ktz.locomotive.events
2026-04-05 07:45:22,656  INFO      app.broker — Kafka producer published 200 messages to topic=ktz.locomotive.events
2026-04-05 07:45:45,942  INFO      app.broker — Kafka producer published 300 messages to topic=ktz.locomotive.events
2026-04-05 07:46:10,013  INFO      app.broker — Kafka producer published 400 messages to topic=ktz.locomotive.events
2026-04-05 07:46:33,709  INFO      app.broker — Kafka producer published 500 messages to topic=ktz.locomotive.events
2026-04-05 07:46:57,145  INFO      app.broker — Kafka producer published 600 messages to topic=ktz.locomotive.events
2026-04-05 07:47:20,828  INFO      app.broker — Kafka producer published 700 messages to topic=ktz.locomotive.events
2026-04-05 07:47:44,422  INFO      app.broker — Kafka producer published 800 messages to topic=ktz.locomotive.events
2026-04-05 07:48:07,615  INFO      app.broker — Kafka producer published 900 messages to topic=ktz.locomotive.events
2026-04-05 07:48:31,445  INFO      app.broker — Kafka producer published 1000 messages to topic=ktz.locomotive.events
2026-04-05 07:48:55,080  INFO      app.broker — Kafka producer published 1100 messages to topic=ktz.locomotive.events
2026-04-05 07:49:18,628  INFO      app.broker — Kafka producer published 1200 messages to topic=ktz.locomotive.events
2026-04-05 07:49:42,147  INFO      app.broker — Kafka producer published 1300 messages to topic=ktz.locomotive.events
2026-04-05 07:50:05,642  INFO      app.broker — Kafka producer published 1400 messages to topic=ktz.locomotive.events
2026-04-05 07:50:29,295  INFO      app.broker — Kafka producer published 1500 messages to topic=ktz.locomotive.events
2026-04-05 07:50:53,177  INFO      app.broker — Kafka producer published 1600 messages to topic=ktz.locomotive.events
2026-04-05 07:51:16,382  INFO      app.broker — Kafka producer published 1700 messages to topic=ktz.locomotive.events
2026-04-05 07:51:40,273  INFO      app.broker — Kafka producer published 1800 messages to topic=ktz.locomotive.events
2026-04-05 07:52:03,860  INFO      app.broker — Kafka producer published 1900 messages to topic=ktz.locomotive.events
2026-04-05 07:52:27,372  INFO      app.broker — Kafka producer published 2000 messages to topic=ktz.locomotive.events
2026-04-05 07:52:50,977  INFO      app.broker — Kafka producer published 2100 messages to topic=ktz.locomotive.events
2026-04-05 07:53:14,944  INFO      app.broker — Kafka producer published 2200 messages to topic=ktz.locomotive.events
2026-04-05 07:53:37,887  INFO      app.broker — Kafka producer published 2300 messages to topic=ktz.locomotive.events
2026-04-05 07:54:01,496  INFO      app.broker — Kafka producer published 2400 messages to topic=ktz.locomotive.events
2026-04-05 07:54:25,182  INFO      app.broker — Kafka producer published 2500 messages to topic=ktz.locomotive.events
2026-04-05 07:54:48,823  INFO      app.broker — Kafka producer published 2600 messages to topic=ktz.locomotive.events
2026-04-05 07:55:12,450  INFO      app.broker — Kafka producer published 2700 messages to topic=ktz.locomotive.events
2026-04-05 07:55:36,060  INFO      app.broker — Kafka producer published 2800 messages to topic=ktz.locomotive.events
2026-04-05 07:55:59,435  INFO      app.broker — Kafka producer published 2900 messages to topic=ktz.locomotive.events
2026-04-05 07:56:22,488  INFO      app.broker — Kafka producer published 3000 messages to topic=ktz.locomotive.events
2026-04-05 07:56:46,319  INFO      app.broker — Kafka producer published 3100 messages to topic=ktz.locomotive.events
2026-04-05 07:57:09,872  INFO      app.broker — Kafka producer published 3200 messages to topic=ktz.locomotive.events
2026-04-05 07:57:33,700  INFO      app.broker — Kafka producer published 3300 messages to topic=ktz.locomotive.events
2026-04-05 07:57:57,316  INFO      app.broker — Kafka producer published 3400 messages to topic=ktz.locomotive.events
2026-04-05 07:58:21,325  INFO      app.broker — Kafka producer published 3500 messages to topic=ktz.locomotive.events
