INFO:     Started server process [251720]
INFO:     Waiting for application startup.
2026-04-05 04:32:38,561  INFO      app.main — Initialising KTZ Locomotive Telemetry Server…
2026-04-05 04:32:38,565  WARNING   aiokafka — Unable to request metadata from "localhost:9092": KafkaConnectionError: Connection at localhost:9092 closed
2026-04-05 04:32:40,567  WARNING   aiokafka — Unable to request metadata from "localhost:9092": KafkaConnectionError: Connection at localhost:9092 closed
2026-04-05 04:32:42,570  WARNING   aiokafka — Unable to request metadata from "localhost:9092": KafkaConnectionError: Connection at localhost:9092 closed
2026-04-05 04:32:44,589  INFO      app.broker — Kafka topic ensured: topic=ktz.locomotive.events partitions=100 replication_factor=1
2026-04-05 04:32:44,591  INFO      app.broker — Kafka topic partitioning ready: topic=ktz.locomotive.events current_partitions=100 target_partitions=100
2026-04-05 04:32:44,642  INFO      app.broker — Kafka producer started: localhost:9092, topic=ktz.locomotive.events
2026-04-05 04:32:44,647  INFO      app.main — Initial telemetry frame and health index generated.
2026-04-05 04:32:44,647  INFO      app.main — 6 background tasks started.
INFO:     Application startup complete.
INFO:     Uvicorn running on http://127.0.0.1:3106 (Press CTRL+C to quit)
2026-04-05 04:34:02,063  INFO      app.broker — Kafka producer published 100 messages to topic=ktz.locomotive.events
2026-04-05 04:35:19,234  INFO      app.broker — Kafka producer published 200 messages to topic=ktz.locomotive.events
2026-04-05 04:36:35,010  INFO      app.broker — Kafka producer published 300 messages to topic=ktz.locomotive.events
2026-04-05 04:37:51,559  INFO      app.broker — Kafka producer published 400 messages to topic=ktz.locomotive.events
2026-04-05 04:39:06,719  INFO      app.broker — Kafka producer published 500 messages to topic=ktz.locomotive.events
2026-04-05 04:40:22,869  INFO      app.broker — Kafka producer published 600 messages to topic=ktz.locomotive.events
INFO:     Shutting down
INFO:     Waiting for application shutdown.
2026-04-05 04:40:37,718  INFO      app.main — Shutting down background tasks…
2026-04-05 04:40:37,718  INFO      app.main — Shutdown complete.
INFO:     Application shutdown complete.
INFO:     Finished server process [251720]
