INFO:     Started server process [251742]
INFO:     Waiting for application startup.
2026-04-05 04:32:38,594  INFO      app.main — Initialising KTZ Locomotive Telemetry Server…
2026-04-05 04:32:38,596  WARNING   aiokafka — Unable to request metadata from "localhost:9092": KafkaConnectionError: Connection at localhost:9092 closed
2026-04-05 04:32:40,600  WARNING   aiokafka — Unable to request metadata from "localhost:9092": KafkaConnectionError: Connection at localhost:9092 closed
2026-04-05 04:32:42,603  WARNING   aiokafka — Unable to request metadata from "localhost:9092": KafkaConnectionError: Connection at localhost:9092 closed
2026-04-05 04:32:44,624  INFO      app.broker — Kafka topic ensured: topic=ktz.locomotive.events partitions=100 replication_factor=1
2026-04-05 04:32:44,626  INFO      app.broker — Kafka topic partitioning ready: topic=ktz.locomotive.events current_partitions=100 target_partitions=100
2026-04-05 04:32:44,662  INFO      app.broker — Kafka producer started: localhost:9092, topic=ktz.locomotive.events
2026-04-05 04:32:44,667  INFO      app.main — Initial telemetry frame and health index generated.
2026-04-05 04:32:44,667  INFO      app.main — 6 background tasks started.
INFO:     Application startup complete.
INFO:     Uvicorn running on http://127.0.0.1:3108 (Press CTRL+C to quit)
2026-04-05 04:32:44,668  WARNING   aiokafka.producer.sender — Got error produce response on topic-partition TopicPartition(topic='ktz.locomotive.events', partition=2), retrying. Error: <class 'aiokafka.errors.NotLeaderForPartitionError'>
2026-04-05 04:32:44,770  WARNING   aiokafka.producer.sender — Got error produce response on topic-partition TopicPartition(topic='ktz.locomotive.events', partition=2), retrying. Error: <class 'aiokafka.errors.NotLeaderForPartitionError'>
2026-04-05 04:32:44,872  WARNING   aiokafka.producer.sender — Got error produce response on topic-partition TopicPartition(topic='ktz.locomotive.events', partition=2), retrying. Error: <class 'aiokafka.errors.NotLeaderForPartitionError'>
2026-04-05 04:32:44,975  WARNING   aiokafka.producer.sender — Got error produce response on topic-partition TopicPartition(topic='ktz.locomotive.events', partition=2), retrying. Error: <class 'aiokafka.errors.NotLeaderForPartitionError'>
2026-04-05 04:32:45,076  WARNING   aiokafka.producer.sender — Got error produce response on topic-partition TopicPartition(topic='ktz.locomotive.events', partition=2), retrying. Error: <class 'aiokafka.errors.NotLeaderForPartitionError'>
2026-04-05 04:32:45,178  WARNING   aiokafka.producer.sender — Got error produce response on topic-partition TopicPartition(topic='ktz.locomotive.events', partition=2), retrying. Error: <class 'aiokafka.errors.NotLeaderForPartitionError'>
2026-04-05 04:32:45,280  WARNING   aiokafka.producer.sender — Got error produce response on topic-partition TopicPartition(topic='ktz.locomotive.events', partition=2), retrying. Error: <class 'aiokafka.errors.NotLeaderForPartitionError'>
2026-04-05 04:32:45,381  WARNING   aiokafka.producer.sender — Got error produce response on topic-partition TopicPartition(topic='ktz.locomotive.events', partition=2), retrying. Error: <class 'aiokafka.errors.NotLeaderForPartitionError'>
2026-04-05 04:32:45,482  WARNING   aiokafka.producer.sender — Got error produce response on topic-partition TopicPartition(topic='ktz.locomotive.events', partition=2), retrying. Error: <class 'aiokafka.errors.NotLeaderForPartitionError'>
2026-04-05 04:32:45,584  WARNING   aiokafka.producer.sender — Got error produce response on topic-partition TopicPartition(topic='ktz.locomotive.events', partition=2), retrying. Error: <class 'aiokafka.errors.NotLeaderForPartitionError'>
2026-04-05 04:32:45,685  WARNING   aiokafka.producer.sender — Got error produce response on topic-partition TopicPartition(topic='ktz.locomotive.events', partition=2), retrying. Error: <class 'aiokafka.errors.NotLeaderForPartitionError'>
2026-04-05 04:32:45,788  WARNING   aiokafka.producer.sender — Got error produce response on topic-partition TopicPartition(topic='ktz.locomotive.events', partition=2), retrying. Error: <class 'aiokafka.errors.NotLeaderForPartitionError'>
2026-04-05 04:34:02,347  INFO      app.broker — Kafka producer published 100 messages to topic=ktz.locomotive.events
2026-04-05 04:35:16,489  INFO      app.broker — Kafka producer published 200 messages to topic=ktz.locomotive.events
2026-04-05 04:36:32,636  INFO      app.broker — Kafka producer published 300 messages to topic=ktz.locomotive.events
2026-04-05 04:37:48,790  INFO      app.broker — Kafka producer published 400 messages to topic=ktz.locomotive.events
2026-04-05 04:39:03,938  INFO      app.broker — Kafka producer published 500 messages to topic=ktz.locomotive.events
2026-04-05 04:40:20,077  INFO      app.broker — Kafka producer published 600 messages to topic=ktz.locomotive.events
INFO:     Shutting down
INFO:     Waiting for application shutdown.
2026-04-05 04:40:37,748  INFO      app.main — Shutting down background tasks…
2026-04-05 04:40:37,749  INFO      app.main — Shutdown complete.
INFO:     Application shutdown complete.
INFO:     Finished server process [251742]
