INFO:     Started server process [48877]
INFO:     Waiting for application startup.
2026-04-05 09:08:31,080  INFO      app.main — Initialising KTZ Locomotive Telemetry Server…
2026-04-05 09:08:31,089  WARNING   aiokafka — Unable to request metadata from "localhost:9092": KafkaConnectionError: Connection at localhost:9092 closed
2026-04-05 09:08:33,132  INFO      app.broker — Kafka topic ensured: topic=ktz.locomotive.events partitions=100 replication_factor=1
2026-04-05 09:08:35,215  INFO      app.broker — Kafka topic ensured: topic=ktz.locomotive.events partitions=100 replication_factor=1
2026-04-05 09:08:35,217  INFO      app.broker — Kafka topic partitioning ready: topic=ktz.locomotive.events current_partitions=100 target_partitions=100
2026-04-05 09:08:35,234  INFO      app.broker — Kafka producer started: localhost:9092, topic=ktz.locomotive.events
2026-04-05 09:08:35,237  INFO      app.main — Initial telemetry frame and health index generated.
2026-04-05 09:08:35,237  INFO      app.main — 6 background tasks started.
INFO:     Application startup complete.
INFO:     Uvicorn running on http://127.0.0.1:3103 (Press CTRL+C to quit)
2026-04-05 09:08:59,348  INFO      app.broker — Kafka producer published 100 messages to topic=ktz.locomotive.events
2026-04-05 09:09:23,234  INFO      app.broker — Kafka producer published 200 messages to topic=ktz.locomotive.events
2026-04-05 09:09:46,882  INFO      app.broker — Kafka producer published 300 messages to topic=ktz.locomotive.events
2026-04-05 09:10:10,608  INFO      app.broker — Kafka producer published 400 messages to topic=ktz.locomotive.events
2026-04-05 09:10:34,495  INFO      app.broker — Kafka producer published 500 messages to topic=ktz.locomotive.events
2026-04-05 09:10:58,074  INFO      app.broker — Kafka producer published 600 messages to topic=ktz.locomotive.events
2026-04-05 09:11:21,606  INFO      app.broker — Kafka producer published 700 messages to topic=ktz.locomotive.events
2026-04-05 09:11:45,305  INFO      app.broker — Kafka producer published 800 messages to topic=ktz.locomotive.events
2026-04-05 09:12:08,884  INFO      app.broker — Kafka producer published 900 messages to topic=ktz.locomotive.events
INFO:     Shutting down
INFO:     Waiting for application shutdown.
2026-04-05 09:12:32,124  INFO      app.main — Shutting down background tasks…
2026-04-05 09:12:32,124  INFO      app.main — Shutdown complete.
INFO:     Application shutdown complete.
INFO:     Finished server process [48877]
