INFO:     Started server process [251755]
INFO:     Waiting for application startup.
2026-04-05 04:32:38,539  INFO      app.main — Initialising KTZ Locomotive Telemetry Server…
2026-04-05 04:32:38,542  WARNING   aiokafka — Unable to request metadata from "localhost:9092": KafkaConnectionError: Connection at localhost:9092 closed
2026-04-05 04:32:40,546  WARNING   aiokafka — Unable to request metadata from "localhost:9092": KafkaConnectionError: Connection at localhost:9092 closed
2026-04-05 04:32:42,549  WARNING   aiokafka — Unable to request metadata from "localhost:9092": KafkaConnectionError: Connection at localhost:9092 closed
2026-04-05 04:32:44,564  INFO      app.broker — Kafka topic ensured: topic=ktz.locomotive.events partitions=100 replication_factor=1
2026-04-05 04:32:44,565  INFO      app.broker — Kafka topic partitioning ready: topic=ktz.locomotive.events current_partitions=100 target_partitions=100
2026-04-05 04:32:44,620  INFO      app.broker — Kafka producer started: localhost:9092, topic=ktz.locomotive.events
2026-04-05 04:32:44,626  INFO      app.main — Initial telemetry frame and health index generated.
2026-04-05 04:32:44,626  INFO      app.main — 6 background tasks started.
INFO:     Application startup complete.
INFO:     Uvicorn running on http://127.0.0.1:3110 (Press CTRL+C to quit)
2026-04-05 04:32:44,630  WARNING   aiokafka.producer.sender — Got error produce response on topic-partition TopicPartition(topic='ktz.locomotive.events', partition=93), retrying. Error: <class 'aiokafka.errors.NotLeaderForPartitionError'>
2026-04-05 04:32:44,732  WARNING   aiokafka.producer.sender — Got error produce response on topic-partition TopicPartition(topic='ktz.locomotive.events', partition=93), retrying. Error: <class 'aiokafka.errors.NotLeaderForPartitionError'>
2026-04-05 04:32:44,834  WARNING   aiokafka.producer.sender — Got error produce response on topic-partition TopicPartition(topic='ktz.locomotive.events', partition=93), retrying. Error: <class 'aiokafka.errors.NotLeaderForPartitionError'>
2026-04-05 04:32:44,937  WARNING   aiokafka.producer.sender — Got error produce response on topic-partition TopicPartition(topic='ktz.locomotive.events', partition=93), retrying. Error: <class 'aiokafka.errors.NotLeaderForPartitionError'>
2026-04-05 04:32:45,038  WARNING   aiokafka.producer.sender — Got error produce response on topic-partition TopicPartition(topic='ktz.locomotive.events', partition=93), retrying. Error: <class 'aiokafka.errors.NotLeaderForPartitionError'>
2026-04-05 04:32:45,139  WARNING   aiokafka.producer.sender — Got error produce response on topic-partition TopicPartition(topic='ktz.locomotive.events', partition=93), retrying. Error: <class 'aiokafka.errors.NotLeaderForPartitionError'>
2026-04-05 04:32:45,241  WARNING   aiokafka.producer.sender — Got error produce response on topic-partition TopicPartition(topic='ktz.locomotive.events', partition=93), retrying. Error: <class 'aiokafka.errors.NotLeaderForPartitionError'>
2026-04-05 04:32:45,342  WARNING   aiokafka.producer.sender — Got error produce response on topic-partition TopicPartition(topic='ktz.locomotive.events', partition=93), retrying. Error: <class 'aiokafka.errors.NotLeaderForPartitionError'>
2026-04-05 04:32:45,443  WARNING   aiokafka.producer.sender — Got error produce response on topic-partition TopicPartition(topic='ktz.locomotive.events', partition=93), retrying. Error: <class 'aiokafka.errors.NotLeaderForPartitionError'>
2026-04-05 04:32:45,546  WARNING   aiokafka.producer.sender — Got error produce response on topic-partition TopicPartition(topic='ktz.locomotive.events', partition=93), retrying. Error: <class 'aiokafka.errors.NotLeaderForPartitionError'>
2026-04-05 04:32:45,649  WARNING   aiokafka.producer.sender — Got error produce response on topic-partition TopicPartition(topic='ktz.locomotive.events', partition=93), retrying. Error: <class 'aiokafka.errors.NotLeaderForPartitionError'>
2026-04-05 04:32:45,750  WARNING   aiokafka.producer.sender — Got error produce response on topic-partition TopicPartition(topic='ktz.locomotive.events', partition=93), retrying. Error: <class 'aiokafka.errors.NotLeaderForPartitionError'>
2026-04-05 04:32:45,852  WARNING   aiokafka.producer.sender — Got error produce response on topic-partition TopicPartition(topic='ktz.locomotive.events', partition=93), retrying. Error: <class 'aiokafka.errors.NotLeaderForPartitionError'>
2026-04-05 04:34:02,347  INFO      app.broker — Kafka producer published 100 messages to topic=ktz.locomotive.events
2026-04-05 04:35:17,491  INFO      app.broker — Kafka producer published 200 messages to topic=ktz.locomotive.events
2026-04-05 04:36:34,640  INFO      app.broker — Kafka producer published 300 messages to topic=ktz.locomotive.events
2026-04-05 04:37:49,792  INFO      app.broker — Kafka producer published 400 messages to topic=ktz.locomotive.events
2026-04-05 04:39:05,301  INFO      app.broker — Kafka producer published 500 messages to topic=ktz.locomotive.events
2026-04-05 04:40:20,436  INFO      app.broker — Kafka producer published 600 messages to topic=ktz.locomotive.events
INFO:     Shutting down
INFO:     Waiting for application shutdown.
2026-04-05 04:40:37,731  INFO      app.main — Shutting down background tasks…
2026-04-05 04:40:37,732  INFO      app.main — Shutdown complete.
INFO:     Application shutdown complete.
INFO:     Finished server process [251755]
